<?xml version="1.0" encoding="UTF-8"?>
<testng-results skipped="0" failed="0" ignored="0" total="1" passed="1">
  <reporter-output>
  </reporter-output>
  <suite name="Default suite" duration-ms="8614" started-at="2020-03-21T10:18:58Z" finished-at="2020-03-21T10:19:06Z">
    <groups>
    </groups>
    <test name="Default test" duration-ms="8614" started-at="2020-03-21T10:18:58Z" finished-at="2020-03-21T10:19:06Z">
      <class name="com.qa.test.SoapUIPostRequest">
        <test-method status="PASS" signature="soapGetRequest()[pri:0, instance:com.qa.test.SoapUIPostRequest@3532ec19]" name="soapGetRequest" duration-ms="8567" started-at="2020-03-21T10:18:58Z" finished-at="2020-03-21T10:19:06Z">
          <reporter-output>
          </reporter-output>
        </test-method> <!-- soapGetRequest -->
      </class> <!-- com.qa.test.SoapUIPostRequest -->
    </test> <!-- Default test -->
  </suite> <!-- Default suite -->
</testng-results>
